<?xml version="1.0" encoding="UTF-8"?>
<testng-results skipped="0" failed="1" ignored="3" total="6" passed="2">
  <reporter-output>
    <line>
      <![CDATA[Application Lauched successfully | ]]>
    </line>
    <line>
      <![CDATA[Application closed successfully | ]]>
    </line>
  </reporter-output>
  <suite name="Selenium Training" duration-ms="63238" started-at="2017-05-26T08:42:24Z" finished-at="2017-05-26T08:43:27Z">
    <groups>
      <group name="high">
        <method signature="Lecture2_WebElements.searchItem()[pri:0, instance:com.seleniumtraining.Lecture2_WebElements@67b92f0a]" name="searchItem" class="com.seleniumtraining.Lecture2_WebElements"/>
      </group> <!-- high -->
    </groups>
    <test name="Selenium Training Test1" duration-ms="63238" started-at="2017-05-26T08:42:24Z" finished-at="2017-05-26T08:43:27Z">
      <class name="com.seleniumtraining.Lecture2_WebElements">
        <test-method status="PASS" signature="launchApplication()[pri:0, instance:com.seleniumtraining.Lecture2_WebElements@67b92f0a]" name="launchApplication" is-config="true" duration-ms="27430" started-at="2017-05-26T14:12:24Z" finished-at="2017-05-26T14:12:51Z">
          <reporter-output>
            <line>
              <![CDATA[Application Lauched successfully | ]]>
            </line>
          </reporter-output>
        </test-method> <!-- launchApplication -->
        <test-method status="PASS" signature="searchItem()[pri:0, instance:com.seleniumtraining.Lecture2_WebElements@67b92f0a]" name="searchItem" duration-ms="17077" started-at="2017-05-26T14:12:51Z" finished-at="2017-05-26T14:13:08Z">
          <reporter-output>
          </reporter-output>
        </test-method> <!-- searchItem -->
        <test-method status="PASS" signature="getscreenshot()[pri:0, instance:com.seleniumtraining.Lecture2_WebElements@67b92f0a]" name="getscreenshot" is-config="true" duration-ms="2744" started-at="2017-05-26T14:13:08Z" finished-at="2017-05-26T14:13:11Z">
          <reporter-output>
          </reporter-output>
        </test-method> <!-- getscreenshot -->
        <test-method status="FAIL" signature="clickSearch()[pri:1, instance:com.seleniumtraining.Lecture2_WebElements@67b92f0a]" name="clickSearch" duration-ms="1516" started-at="2017-05-26T14:13:11Z" depends-on-methods="com.seleniumtraining.Lecture2_WebElements.searchItem" finished-at="2017-05-26T14:13:12Z">
          <exception class="org.xml.sax.SAXParseException">
            <message>
              <![CDATA[The string "--" is not permitted within comments.]]>
            </message>
            <full-stacktrace>
              <![CDATA[org.xml.sax.SAXParseException; lineNumber: 300; columnNumber: 28; The string "--" is not permitted within comments.
	at org.apache.xerces.parsers.DOMParser.parse(Unknown Source)
	at org.apache.xerces.jaxp.DocumentBuilderImpl.parse(Unknown Source)
	at com.seleniumtraining.Lecture2_WebElements.clickSearch(Lecture2_WebElements.java:121)
	at sun.reflect.NativeMethodAccessorImpl.invoke0(Native Method)
	at sun.reflect.NativeMethodAccessorImpl.invoke(NativeMethodAccessorImpl.java:62)
	at sun.reflect.DelegatingMethodAccessorImpl.invoke(DelegatingMethodAccessorImpl.java:43)
	at java.lang.reflect.Method.invoke(Method.java:498)
	at org.testng.internal.MethodInvocationHelper.invokeMethod(MethodInvocationHelper.java:108)
	at org.testng.internal.Invoker.invokeMethod(Invoker.java:661)
	at org.testng.internal.Invoker.invokeTestMethod(Invoker.java:869)
	at org.testng.internal.Invoker.invokeTestMethods(Invoker.java:1193)
	at org.testng.internal.TestMethodWorker.invokeTestMethods(TestMethodWorker.java:126)
	at org.testng.internal.TestMethodWorker.run(TestMethodWorker.java:109)
	at org.testng.TestRunner.privateRun(TestRunner.java:744)
	at org.testng.TestRunner.run(TestRunner.java:602)
	at org.testng.SuiteRunner.runTest(SuiteRunner.java:380)
	at org.testng.SuiteRunner.runSequentially(SuiteRunner.java:375)
	at org.testng.SuiteRunner.privateRun(SuiteRunner.java:340)
	at org.testng.SuiteRunner.run(SuiteRunner.java:289)
	at org.testng.SuiteRunnerWorker.runSuite(SuiteRunnerWorker.java:52)
	at org.testng.SuiteRunnerWorker.run(SuiteRunnerWorker.java:86)
	at org.testng.TestNG.runSuitesSequentially(TestNG.java:1301)
	at org.testng.TestNG.runSuitesLocally(TestNG.java:1226)
	at org.testng.TestNG.runSuites(TestNG.java:1144)
	at org.testng.TestNG.run(TestNG.java:1115)
	at org.testng.remote.AbstractRemoteTestNG.run(AbstractRemoteTestNG.java:132)
	at org.testng.remote.RemoteTestNG.initAndRun(RemoteTestNG.java:236)
	at org.testng.remote.RemoteTestNG.main(RemoteTestNG.java:81)
]]>
            </full-stacktrace>
          </exception> <!-- org.xml.sax.SAXParseException -->
          <reporter-output>
          </reporter-output>
        </test-method> <!-- clickSearch -->
        <test-method status="PASS" signature="getscreenshot()[pri:0, instance:com.seleniumtraining.Lecture2_WebElements@67b92f0a]" name="getscreenshot" is-config="true" duration-ms="207" started-at="2017-05-26T14:13:12Z" finished-at="2017-05-26T14:13:13Z">
          <reporter-output>
          </reporter-output>
        </test-method> <!-- getscreenshot -->
        <test-method status="PASS" signature="Resizable()[pri:6, instance:com.seleniumtraining.Lecture2_WebElements@67b92f0a]" name="Resizable" duration-ms="14047" started-at="2017-05-26T14:13:13Z" finished-at="2017-05-26T14:13:27Z">
          <reporter-output>
          </reporter-output>
        </test-method> <!-- Resizable -->
        <test-method status="PASS" signature="getscreenshot()[pri:0, instance:com.seleniumtraining.Lecture2_WebElements@67b92f0a]" name="getscreenshot" is-config="true" duration-ms="188" started-at="2017-05-26T14:13:27Z" finished-at="2017-05-26T14:13:27Z">
          <reporter-output>
          </reporter-output>
        </test-method> <!-- getscreenshot -->
        <test-method status="PASS" signature="closeBrowser()[pri:0, instance:com.seleniumtraining.Lecture2_WebElements@67b92f0a]" name="closeBrowser" is-config="true" duration-ms="1267" started-at="2017-05-26T14:13:27Z" finished-at="2017-05-26T14:13:28Z">
          <reporter-output>
            <line>
              <![CDATA[Application closed successfully | ]]>
            </line>
          </reporter-output>
        </test-method> <!-- closeBrowser -->
      </class> <!-- com.seleniumtraining.Lecture2_WebElements -->
    </test> <!-- Selenium Training Test1 -->
  </suite> <!-- Selenium Training -->
</testng-results>
