<?xml version="1.0" encoding="UTF-8"?>
<!-- Generated by org.testng.reporters.JUnitXMLReporter -->
<testsuite hostname="BDC7-L-4HKNLC2" ignored="3" name="Selenium Training Test1" tests="3" failures="1" timestamp="26 May 2017 08:43:27 GMT" time="63.238" errors="0">
  <testcase name="searchItem" time="17.077" classname="com.seleniumtraining.Lecture2_WebElements"/>
  <testcase name="clickSearch" time="1.516" classname="com.seleniumtraining.Lecture2_WebElements">
    <failure type="org.xml.sax.SAXParseException" message="The string &amp;quot;--&amp;quot; is not permitted within comments.">
      <![CDATA[org.xml.sax.SAXParseException; lineNumber: 300; columnNumber: 28; The string "--" is not permitted within comments.
	at org.apache.xerces.parsers.DOMParser.parse(Unknown Source)
	at org.apache.xerces.jaxp.DocumentBuilderImpl.parse(Unknown Source)
	at com.seleniumtraining.Lecture2_WebElements.clickSearch(Lecture2_WebElements.java:121)
... Removed 25 stack frames]]>
    </failure>
  </testcase> <!-- clickSearch -->
  <testcase name="Resizable" time="14.047" classname="com.seleniumtraining.Lecture2_WebElements"/>
  <testcase name="Slider" time="0.0" classname="com.seleniumtraining.Lecture2_WebElements">
    <ignored/>
  </testcase> <!-- Slider -->
  <testcase name="browserNavigation" time="0.0" classname="com.seleniumtraining.Lecture2_WebElements">
    <ignored/>
  </testcase> <!-- browserNavigation -->
  <testcase name="dragAndDrop" time="0.0" classname="com.seleniumtraining.Lecture2_WebElements">
    <ignored/>
  </testcase> <!-- dragAndDrop -->
</testsuite> <!-- Selenium Training Test1 -->
